  [1m[35m (51.7ms)[0m  [1m[34mSELECT sqlite_version(*)[0m
  [1m[35m (24.0ms)[0m  [1m[35mCREATE TABLE "schema_migrations" ("version" varchar NOT NULL PRIMARY KEY)[0m
  [1m[35m (15.0ms)[0m  [1m[35mCREATE TABLE "ar_internal_metadata" ("key" varchar NOT NULL PRIMARY KEY, "value" varchar, "created_at" datetime(6) NOT NULL, "updated_at" datetime(6) NOT NULL)[0m
  [1m[35m (3.7ms)[0m  [1m[34mSELECT "schema_migrations"."version" FROM "schema_migrations" ORDER BY "schema_migrations"."version" ASC[0m
Migrating to CreateUsers (20210625192053)
  [1m[35m (0.1ms)[0m  [1m[36mbegin transaction[0m
  [1m[35m (7.9ms)[0m  [1m[35mCREATE TABLE "users" ("id" integer PRIMARY KEY AUTOINCREMENT NOT NULL, "name" varchar, "created_at" datetime(6) NOT NULL, "updated_at" datetime(6) NOT NULL)[0m
  [1m[36mActiveRecord::SchemaMigration Create (2.0ms)[0m  [1m[32mINSERT INTO "schema_migrations" ("version") VALUES (?)[0m  [["version", "20210625192053"]]
  [1m[35m (16.2ms)[0m  [1m[36mcommit transaction[0m
Migrating to CreateGames (20210625192218)
  [1m[35m (13.3ms)[0m  [1m[34mSELECT sqlite_version(*)[0m
  [1m[35m (5.3ms)[0m  [1m[34mSELECT "schema_migrations"."version" FROM "schema_migrations" ORDER BY "schema_migrations"."version" ASC[0m
Migrating to CreateGames (20210625192218)
  [1m[35m (0.1ms)[0m  [1m[36mbegin transaction[0m
  [1m[35m (17.7ms)[0m  [1m[35mCREATE TABLE "games" ("id" integer PRIMARY KEY AUTOINCREMENT NOT NULL, "completed" boolean, "won" boolean, "user_id" integer, "created_at" datetime(6) NOT NULL, "updated_at" datetime(6) NOT NULL)[0m
  [1m[35m (0.3ms)[0m  [1m[35mCREATE  INDEX "index_games_on_user_id" ON "games" ("user_id")[0m
  [1m[36mActiveRecord::SchemaMigration Create (4.1ms)[0m  [1m[32mINSERT INTO "schema_migrations" ("version") VALUES (?)[0m  [["version", "20210625192218"]]
  [1m[35m (15.8ms)[0m  [1m[36mcommit transaction[0m
  [1m[36mActiveRecord::InternalMetadata Load (4.0ms)[0m  [1m[34mSELECT "ar_internal_metadata".* FROM "ar_internal_metadata" WHERE "ar_internal_metadata"."key" = ? LIMIT ?[0m  [["key", "environment"], ["LIMIT", 1]]
  [1m[35m (0.1ms)[0m  [1m[36mbegin transaction[0m
  [1m[36mActiveRecord::InternalMetadata Create (14.9ms)[0m  [1m[32mINSERT INTO "ar_internal_metadata" ("key", "value", "created_at", "updated_at") VALUES (?, ?, ?, ?)[0m  [["key", "environment"], ["value", "development"], ["created_at", "2021-06-25 19:27:55.049448"], ["updated_at", "2021-06-25 19:27:55.049448"]]
  [1m[35m (19.6ms)[0m  [1m[36mcommit transaction[0m
  [1m[35m (0.1ms)[0m  [1m[34mSELECT sqlite_version(*)[0m
  [1m[35m (5.0ms)[0m  [1m[34mSELECT "schema_migrations"."version" FROM "schema_migrations" ORDER BY "schema_migrations"."version" ASC[0m
  [1m[35m (13.2ms)[0m  [1m[34mSELECT sqlite_version(*)[0m
  [1m[35m (4.7ms)[0m  [1m[34mSELECT "schema_migrations"."version" FROM "schema_migrations" ORDER BY "schema_migrations"."version" ASC[0m
  [1m[35m (0.1ms)[0m  [1m[34mSELECT sqlite_version(*)[0m
  [1m[36mUser Load (3.0ms)[0m  [1m[34mSELECT "users".* FROM "users"[0m
  [1m[36mGame Load (5.0ms)[0m  [1m[34mSELECT "games".* FROM "games"[0m
  [1m[35m (0.2ms)[0m  [1m[36mbegin transaction[0m
  [1m[36mUser Create (20.9ms)[0m  [1m[32mINSERT INTO "users" ("name", "created_at", "updated_at") VALUES (?, ?, ?)[0m  [["name", "Kirk"], ["created_at", "2021-06-25 19:28:52.859501"], ["updated_at", "2021-06-25 19:28:52.859501"]]
  [1m[35m (21.2ms)[0m  [1m[36mcommit transaction[0m
  [1m[35m (0.1ms)[0m  [1m[36mbegin transaction[0m
  [1m[36mUser Create (15.0ms)[0m  [1m[32mINSERT INTO "users" ("name", "created_at", "updated_at") VALUES (?, ?, ?)[0m  [["name", "Spock"], ["created_at", "2021-06-25 19:28:52.909356"], ["updated_at", "2021-06-25 19:28:52.909356"]]
  [1m[35m (19.6ms)[0m  [1m[36mcommit transaction[0m
  [1m[35m (0.1ms)[0m  [1m[36mbegin transaction[0m
  [1m[36mGame Create (13.1ms)[0m  [1m[32mINSERT INTO "games" ("completed", "won", "user_id", "created_at", "updated_at") VALUES (?, ?, ?, ?, ?)[0m  [["completed", 1], ["won", 1], ["user_id", 1], ["created_at", "2021-06-25 19:28:53.571453"], ["updated_at", "2021-06-25 19:28:53.571453"]]
  [1m[36mGame Create (0.1ms)[0m  [1m[32mINSERT INTO "games" ("completed", "won", "user_id", "created_at", "updated_at") VALUES (?, ?, ?, ?, ?)[0m  [["completed", 1], ["won", 0], ["user_id", 1], ["created_at", "2021-06-25 19:28:53.588059"], ["updated_at", "2021-06-25 19:28:53.588059"]]
  [1m[36mGame Create (0.1ms)[0m  [1m[32mINSERT INTO "games" ("completed", "won", "user_id", "created_at", "updated_at") VALUES (?, ?, ?, ?, ?)[0m  [["completed", 0], ["won", 0], ["user_id", 1], ["created_at", "2021-06-25 19:28:53.590205"], ["updated_at", "2021-06-25 19:28:53.590205"]]
  [1m[35m (15.7ms)[0m  [1m[36mcommit transaction[0m
  [1m[35m (0.1ms)[0m  [1m[36mbegin transaction[0m
  [1m[36mGame Create (11.6ms)[0m  [1m[32mINSERT INTO "games" ("completed", "won", "user_id", "created_at", "updated_at") VALUES (?, ?, ?, ?, ?)[0m  [["completed", 1], ["won", 1], ["user_id", 2], ["created_at", "2021-06-25 19:28:53.609393"], ["updated_at", "2021-06-25 19:28:53.609393"]]
  [1m[36mGame Create (0.2ms)[0m  [1m[32mINSERT INTO "games" ("completed", "won", "user_id", "created_at", "updated_at") VALUES (?, ?, ?, ?, ?)[0m  [["completed", 1], ["won", 1], ["user_id", 2], ["created_at", "2021-06-25 19:28:53.625113"], ["updated_at", "2021-06-25 19:28:53.625113"]]
  [1m[35m (20.1ms)[0m  [1m[36mcommit transaction[0m
